#
# There is insufficient memory for the Java Runtime Environment to continue.
# Native memory allocation (malloc) failed to allocate 663696 bytes for Chunk::new
# Possible reasons:
#   The system is out of physical RAM or swap space
#   In 32 bit mode, the process size limit was hit
# Possible solutions:
#   Reduce memory load on the system
#   Increase physical memory or swap space
#   Check if swap backing store is full
#   Use 64 bit Java on a 64 bit OS
#   Decrease Java heap size (-Xmx/-Xms)
#   Decrease number of Java threads
#   Decrease Java thread stack sizes (-Xss)
#   Set larger code cache with -XX:ReservedCodeCacheSize=
# This output file may be truncated or incomplete.
#
#  Out of Memory Error (allocation.cpp:390), pid=6692, tid=0x0000000000000f90
#
# JRE version: Java(TM) SE Runtime Environment (8.0_101-b13) (build 1.8.0_101-b13)
# Java VM: Java HotSpot(TM) 64-Bit Server VM (25.101-b13 mixed mode windows-amd64 compressed oops)
# Failed to write core dump. Minidumps are not enabled by default on client versions of Windows
#

---------------  T H R E A D  ---------------

Current thread (0x0000000014ea9000):  JavaThread "C2 CompilerThread0" daemon [_thread_in_native, id=3984, stack(0x0000000015d10000,0x0000000015e10000)]

Stack: [0x0000000015d10000,0x0000000015e10000]
[error occurred during error reporting (printing stack bounds), id 0xc0000005]

Native frames: (J=compiled Java code, j=interpreted, Vv=VM code, C=native code)


Current CompileTask:
C2:  17810 2203       4       com.android.dx.ssa.DeadCodeRemover::run (194 bytes)


---------------  P R O C E S S  ---------------

Java Threads: ( => current thread )
  0x0000000016470000 JavaThread "pool-2-thread-4" [_thread_in_Java, id=6204, stack(0x0000000016df0000,0x0000000016ef0000)]
  0x000000001646b000 JavaThread "pool-2-thread-3" [_thread_blocked, id=5940, stack(0x0000000016c70000,0x0000000016d70000)]
  0x00000000163ff000 JavaThread "pool-2-thread-2" [_thread_in_vm, id=4344, stack(0x0000000015790000,0x0000000015890000)]
  0x00000000163fc800 JavaThread "pool-3-thread-1" [_thread_blocked, id=3452, stack(0x0000000016b40000,0x0000000016c40000)]
  0x00000000163fb800 JavaThread "pool-2-thread-1" [_thread_blocked, id=2676, stack(0x0000000016960000,0x0000000016a60000)]
  0x0000000014f0c000 JavaThread "Service Thread" daemon [_thread_blocked, id=4260, stack(0x00000000166d0000,0x00000000167d0000)]
  0x0000000014f04800 JavaThread "C1 CompilerThread1" daemon [_thread_blocked, id=5736, stack(0x00000000160e0000,0x00000000161e0000)]
=>0x0000000014ea9000 JavaThread "C2 CompilerThread0" daemon [_thread_in_native, id=3984, stack(0x0000000015d10000,0x0000000015e10000)]
  0x0000000014ea7800 JavaThread "Attach Listener" daemon [_thread_blocked, id=6924, stack(0x0000000015f40000,0x0000000016040000)]
  0x0000000014ea6800 JavaThread "Signal Dispatcher" daemon [_thread_blocked, id=1616, stack(0x0000000015e10000,0x0000000015f10000)]
  0x0000000014e8e800 JavaThread "Finalizer" daemon [_thread_blocked, id=4636, stack(0x0000000015be0000,0x0000000015ce0000)]
  0x0000000014e47000 JavaThread "Reference Handler" daemon [_thread_blocked, id=7040, stack(0x0000000015aa0000,0x0000000015ba0000)]
  0x0000000001e4f000 JavaThread "main" [_thread_blocked, id=6168, stack(0x0000000002410000,0x0000000002510000)]

Other Threads:
  0x0000000014e3d000 VMThread [stack: 0x0000000015890000,0x0000000015990000] [id=6796]
  0x00000000161f3000 WatcherThread [stack: 0x00000000167d0000,0x00000000168d0000] [id=5088]

VM state:not at safepoint (normal execution)

VM Mutex/Monitor currently owned by a thread: None

Heap:
 PSYoungGen      total 99840K, used 71434K [0x00000000eab00000, 0x00000000f1c00000, 0x0000000100000000)
  eden space 88576K, 68% used [0x00000000eab00000,0x00000000ee6a1020,0x00000000f0180000)
  from space 11264K, 92% used [0x00000000f0e00000,0x00000000f1821a98,0x00000000f1900000)
  to   space 12800K, 0% used [0x00000000f0180000,0x00000000f0180000,0x00000000f0e00000)
 ParOldGen       total 60416K, used 17053K [0x00000000c0000000, 0x00000000c3b00000, 0x00000000eab00000)
  object space 60416K, 28% used [0x00000000c0000000,0x00000000c10a75d8,0x00000000c3b00000)
 Metaspace       used 6468K, capacity 7192K, committed 7424K, reserved 1056768K
  class space    used 626K, capacity 656K, committed 768K, reserved 1048576K

Card table byte_map: [0x0000000011ba0000,0x0000000011db0000] byte_map_base: 0x00000000115a0000

Marking Bits: (ParMarkBitMap*) 0x00000000530aa6d0
 Begin Bits: [0x0000000012310000, 0x0000000013310000)
 End Bits:   [0x0000000013310000, 0x0000000014310000)

Polling page: 0x0000000000430000

CodeCache: size=245760Kb used=7551Kb max_used=9428Kb free=238208Kb
 bounds [0x00000000027e0000, 0x0000000003130000, 0x00000000117e0000]
 total_blobs=2026 nmethods=1757 adapters=182
 compilation: enabled

Compilation events (10 events):
Event: 17.769 Thread 0x0000000014f04800 2244       2       com.android.dx.dex.cf.AttributeTranslator::translateInnerClasses (356 bytes)
Event: 17.772 Thread 0x0000000014f04800 nmethod 2244 0x0000000002bd0b90 code [0x0000000002bd0f60, 0x0000000002bd2278]
Event: 17.775 Thread 0x0000000014f04800 2245       2       com.android.dx.cf.code.SwitchList::add (35 bytes)
Event: 17.776 Thread 0x0000000014f04800 nmethod 2245 0x0000000002e3ffd0 code [0x0000000002e40160, 0x0000000002e40478]
Event: 17.783 Thread 0x0000000014f04800 2246       2       com.android.dx.cf.attrib.InnerClassList::<init> (6 bytes)
Event: 17.784 Thread 0x0000000014f04800 nmethod 2246 0x0000000002a593d0 code [0x0000000002a59540, 0x0000000002a596a8]
Event: 17.784 Thread 0x0000000014f04800 2247   !   2       com.android.dx.cf.attrib.AttInnerClasses::<init> (43 bytes)
Event: 17.784 Thread 0x0000000014f04800 nmethod 2247 0x0000000002c46b50 code [0x0000000002c46ce0, 0x0000000002c46ff8]
Event: 17.784 Thread 0x0000000014f04800 2248       2       com.android.dx.cf.attrib.AttInnerClasses::byteLength (14 bytes)
Event: 17.784 Thread 0x0000000014f04800 nmethod 2248 0x0000000002afed90 code [0x0000000002afeee0, 0x0000000002aff050]

GC Heap History (10 events):
Event: 4.177 GC heap before
{Heap before GC invocations=2 (full 0):
 PSYoungGen      total 26112K, used 26103K [0x00000000eab00000, 0x00000000ec800000, 0x0000000100000000)
  eden space 22528K, 100% used [0x00000000eab00000,0x00000000ec100000,0x00000000ec100000)
  from space 3584K, 99% used [0x00000000ec100000,0x00000000ec47dd28,0x00000000ec480000)
  to   space 3584K, 0% used [0x00000000ec480000,0x00000000ec480000,0x00000000ec800000)
 ParOldGen       total 60416K, used 741K [0x00000000c0000000, 0x00000000c3b00000, 0x00000000eab00000)
  object space 60416K, 1% used [0x00000000c0000000,0x00000000c00b9648,0x00000000c3b00000)
 Metaspace       used 6051K, capacity 6962K, committed 7040K, reserved 1056768K
  class space    used 603K, capacity 618K, committed 640K, reserved 1048576K
Event: 4.209 GC heap after
Heap after GC invocations=2 (full 0):
 PSYoungGen      total 26112K, used 3577K [0x00000000eab00000, 0x00000000ede00000, 0x0000000100000000)
  eden space 22528K, 0% used [0x00000000eab00000,0x00000000eab00000,0x00000000ec100000)
  from space 3584K, 99% used [0x00000000ec480000,0x00000000ec7fe5a0,0x00000000ec800000)
  to   space 3584K, 0% used [0x00000000ec100000,0x00000000ec100000,0x00000000ec480000)
 ParOldGen       total 60416K, used 3131K [0x00000000c0000000, 0x00000000c3b00000, 0x00000000eab00000)
  object space 60416K, 5% used [0x00000000c0000000,0x00000000c030ef48,0x00000000c3b00000)
 Metaspace       used 6051K, capacity 6962K, committed 7040K, reserved 1056768K
  class space    used 603K, capacity 618K, committed 640K, reserved 1048576K
}
Event: 8.035 GC heap before
{Heap before GC invocations=3 (full 0):
 PSYoungGen      total 26112K, used 26105K [0x00000000eab00000, 0x00000000ede00000, 0x0000000100000000)
  eden space 22528K, 100% used [0x00000000eab00000,0x00000000ec100000,0x00000000ec100000)
  from space 3584K, 99% used [0x00000000ec480000,0x00000000ec7fe5a0,0x00000000ec800000)
  to   space 3584K, 0% used [0x00000000ec100000,0x00000000ec100000,0x00000000ec480000)
 ParOldGen       total 60416K, used 3131K [0x00000000c0000000, 0x00000000c3b00000, 0x00000000eab00000)
  object space 60416K, 5% used [0x00000000c0000000,0x00000000c030ef48,0x00000000c3b00000)
 Metaspace       used 6193K, capacity 7090K, committed 7296K, reserved 1056768K
  class space    used 604K, capacity 618K, committed 640K, reserved 1048576K
Event: 8.387 GC heap after
Heap after GC invocations=3 (full 0):
 PSYoungGen      total 26112K, used 3561K [0x00000000eab00000, 0x00000000ede00000, 0x0000000100000000)
  eden space 22528K, 0% used [0x00000000eab00000,0x00000000eab00000,0x00000000ec100000)
  from space 3584K, 99% used [0x00000000ec100000,0x00000000ec47a620,0x00000000ec480000)
  to   space 3584K, 0% used [0x00000000eda80000,0x00000000eda80000,0x00000000ede00000)
 ParOldGen       total 60416K, used 6296K [0x00000000c0000000, 0x00000000c3b00000, 0x00000000eab00000)
  object space 60416K, 10% used [0x00000000c0000000,0x00000000c0626060,0x00000000c3b00000)
 Metaspace       used 6193K, capacity 7090K, committed 7296K, reserved 1056768K
  class space    used 604K, capacity 618K, committed 640K, reserved 1048576K
}
Event: 10.818 GC heap before
{Heap before GC invocations=4 (full 0):
 PSYoungGen      total 26112K, used 26089K [0x00000000eab00000, 0x00000000ede00000, 0x0000000100000000)
  eden space 22528K, 100% used [0x00000000eab00000,0x00000000ec100000,0x00000000ec100000)
  from space 3584K, 99% used [0x00000000ec100000,0x00000000ec47a620,0x00000000ec480000)
  to   space 3584K, 0% used [0x00000000eda80000,0x00000000eda80000,0x00000000ede00000)
 ParOldGen       total 60416K, used 6296K [0x00000000c0000000, 0x00000000c3b00000, 0x00000000eab00000)
  object space 60416K, 10% used [0x00000000c0000000,0x00000000c0626060,0x00000000c3b00000)
 Metaspace       used 6240K, capacity 7090K, committed 7296K, reserved 1056768K
  class space    used 604K, capacity 618K, committed 640K, reserved 1048576K
Event: 10.871 GC heap after
Heap after GC invocations=4 (full 0):
 PSYoungGen      total 48640K, used 3576K [0x00000000eab00000, 0x00000000ede00000, 0x0000000100000000)
  eden space 45056K, 0% used [0x00000000eab00000,0x00000000eab00000,0x00000000ed700000)
  from space 3584K, 99% used [0x00000000eda80000,0x00000000eddfe008,0x00000000ede00000)
  to   space 3584K, 0% used [0x00000000ed700000,0x00000000ed700000,0x00000000eda80000)
 ParOldGen       total 60416K, used 9764K [0x00000000c0000000, 0x00000000c3b00000, 0x00000000eab00000)
  object space 60416K, 16% used [0x00000000c0000000,0x00000000c09893b0,0x00000000c3b00000)
 Metaspace       used 6240K, capacity 7090K, committed 7296K, reserved 1056768K
  class space    used 604K, capacity 618K, committed 640K, reserved 1048576K
}
Event: 13.923 GC heap before
{Heap before GC invocations=5 (full 0):
 PSYoungGen      total 48640K, used 48632K [0x00000000eab00000, 0x00000000ede00000, 0x0000000100000000)
  eden space 45056K, 100% used [0x00000000eab00000,0x00000000ed700000,0x00000000ed700000)
  from space 3584K, 99% used [0x00000000eda80000,0x00000000eddfe008,0x00000000ede00000)
  to   space 3584K, 0% used [0x00000000ed700000,0x00000000ed700000,0x00000000eda80000)
 ParOldGen       total 60416K, used 9764K [0x00000000c0000000, 0x00000000c3b00000, 0x00000000eab00000)
  object space 60416K, 16% used [0x00000000c0000000,0x00000000c09893b0,0x00000000c3b00000)
 Metaspace       used 6290K, capacity 7154K, committed 7296K, reserved 1056768K
  class space    used 605K, capacity 618K, committed 640K, reserved 1048576K
Event: 14.017 GC heap after
Heap after GC invocations=5 (full 0):
 PSYoungGen      total 48640K, used 3579K [0x00000000eab00000, 0x00000000f1900000, 0x0000000100000000)
  eden space 45056K, 0% used [0x00000000eab00000,0x00000000eab00000,0x00000000ed700000)
  from space 3584K, 99% used [0x00000000ed700000,0x00000000eda7ed28,0x00000000eda80000)
  to   space 11264K, 0% used [0x00000000f0e00000,0x00000000f0e00000,0x00000000f1900000)
 ParOldGen       total 60416K, used 17053K [0x00000000c0000000, 0x00000000c3b00000, 0x00000000eab00000)
  object space 60416K, 28% used [0x00000000c0000000,0x00000000c10a75d8,0x00000000c3b00000)
 Metaspace       used 6290K, capacity 7154K, committed 7296K, reserved 1056768K
  class space    used 605K, capacity 618K, committed 640K, reserved 1048576K
}
Event: 15.602 GC heap before
{Heap before GC invocations=6 (full 0):
 PSYoungGen      total 48640K, used 48635K [0x00000000eab00000, 0x00000000f1900000, 0x0000000100000000)
  eden space 45056K, 100% used [0x00000000eab00000,0x00000000ed700000,0x00000000ed700000)
  from space 3584K, 99% used [0x00000000ed700000,0x00000000eda7ed28,0x00000000eda80000)
  to   space 11264K, 0% used [0x00000000f0e00000,0x00000000f0e00000,0x00000000f1900000)
 ParOldGen       total 60416K, used 17053K [0x00000000c0000000, 0x00000000c3b00000, 0x00000000eab00000)
  object space 60416K, 28% used [0x00000000c0000000,0x00000000c10a75d8,0x00000000c3b00000)
 Metaspace       used 6316K, capacity 7154K, committed 7296K, reserved 1056768K
  class space    used 605K, capacity 618K, committed 640K, reserved 1048576K
Event: 15.645 GC heap after
Heap after GC invocations=6 (full 0):
 PSYoungGen      total 99840K, used 10374K [0x00000000eab00000, 0x00000000f1c00000, 0x0000000100000000)
  eden space 88576K, 0% used [0x00000000eab00000,0x00000000eab00000,0x00000000f0180000)
  from space 11264K, 92% used [0x00000000f0e00000,0x00000000f1821a98,0x00000000f1900000)
  to   space 12800K, 0% used [0x00000000f0180000,0x00000000f0180000,0x00000000f0e00000)
 ParOldGen       total 60416K, used 17053K [0x00000000c0000000, 0x00000000c3b00000, 0x00000000eab00000)
  object space 60416K, 28% used [0x00000000c0000000,0x00000000c10a75d8,0x00000000c3b00000)
 Metaspace       used 6316K, capacity 7154K, committed 7296K, reserved 1056768K
  class space    used 605K, capacity 618K, committed 640K, reserved 1048576K
}

Deoptimization events (10 events):
Event: 16.378 Thread 0x0000000016470000 Uncommon trap: reason=bimorphic action=maybe_recompile pc=0x0000000002f96828 method=com.android.dx.ssa.LiteralOpUpgrader.tryReplacingWithConstant(Lcom/android/dx/ssa/NormalSsaInsn;)Z @ 62
Event: 16.379 Thread 0x0000000016470000 Uncommon trap: reason=unstable_if action=reinterpret pc=0x0000000003090f74 method=java.util.HashMap.putVal(ILjava/lang/Object;Ljava/lang/Object;ZZ)Ljava/lang/Object; @ 162
Event: 16.458 Thread 0x00000000163ff000 Uncommon trap: reason=class_check action=maybe_recompile pc=0x00000000030fed14 method=com.android.dx.ssa.SCCP.replaceConstants()V @ 127
Event: 16.463 Thread 0x00000000163ff000 Uncommon trap: reason=class_check action=maybe_recompile pc=0x00000000030fed14 method=com.android.dx.ssa.SCCP.replaceConstants()V @ 127
Event: 17.226 Thread 0x0000000016470000 Uncommon trap: reason=bimorphic action=maybe_recompile pc=0x0000000002f96828 method=com.android.dx.ssa.LiteralOpUpgrader.tryReplacingWithConstant(Lcom/android/dx/ssa/NormalSsaInsn;)Z @ 62
Event: 17.373 Thread 0x00000000163fb800 Uncommon trap: reason=unstable_if action=reinterpret pc=0x0000000002aa97d4 method=com.android.dx.cf.code.Ropper.isSynchronized()Z @ 12
Event: 17.374 Thread 0x00000000163fb800 Uncommon trap: reason=unstable_if action=reinterpret pc=0x0000000002cc68b0 method=com.android.dx.ssa.MoveParamCombiner$1.visitNonMoveInsn(Lcom/android/dx/ssa/NormalSsaInsn;)V @ 27
Event: 17.410 Thread 0x00000000163fb800 Uncommon trap: reason=class_check action=maybe_recompile pc=0x0000000003010380 method=com.android.dx.cf.code.RopperMachine.run(Lcom/android/dx/cf/code/Frame;II)V @ 1024
Event: 17.425 Thread 0x00000000163fb800 Uncommon trap: reason=class_check action=maybe_recompile pc=0x000000000300fb84 method=com.android.dx.cf.code.RopperMachine.run(Lcom/android/dx/cf/code/Frame;II)V @ 310
Event: 17.637 Thread 0x00000000163fb800 Uncommon trap: reason=unstable_if action=reinterpret pc=0x0000000002cc5280 method=java.util.HashMap.resize()[Ljava/util/HashMap$Node; @ 206

Internal exceptions (6 events):
Event: 0.066 Thread 0x0000000001e4f000 Exception <a 'java/lang/NoSuchMethodError': Method sun.misc.Unsafe.defineClass(Ljava/lang/String;[BII)Ljava/lang/Class; name or signature does not match> (0x00000000eab07cc0) thrown at [C:\re\workspace\8-2-build-windows-amd64-cygwin\jdk8u101\7261\hotspot\sè‘ö
Event: 0.066 Thread 0x0000000001e4f000 Exception <a 'java/lang/NoSuchMethodError': Method sun.misc.Unsafe.prefetchRead(Ljava/lang/Object;J)V name or signature does not match> (0x00000000eab07fa8) thrown at [C:\re\workspace\8-2-build-windows-amd64-cygwin\jdk8u101\7261\hotspot\src\share\vm\prims\=YM3Tû@
Event: 5.905 Thread 0x00000000163fb800 Implicit null exception at 0x0000000002ae5854 to 0x0000000002ae7195
Event: 15.667 Thread 0x00000000163ff000 Exception <a 'java/lang/ArrayIndexOutOfBoundsException': 18> (0x00000000eaca6620) thrown at [C:\re\workspace\8-2-build-windows-amd64-cygwin\jdk8u101\7261\hotspot\src\share\vm\interpreter\interpreterRuntime.cpp, line 366]
Event: 15.668 Thread 0x00000000163ff000 Exception <a 'java/lang/ArrayIndexOutOfBoundsException'> (0x00000000eaca81a0) thrown at [C:\re\workspace\8-2-build-windows-amd64-cygwin\jdk8u101\7261\hotspot\src\share\vm\runtime\sharedRuntime.cpp, line 605]
Event: 15.669 Thread 0x00000000163ff000 Exception <a 'java/lang/ArrayIndexOutOfBoundsException'> (0x00000000eaca9488) thrown at [C:\re\workspace\8-2-build-windows-amd64-cygwin\jdk8u101\7261\hotspot\src\share\vm\runtime\sharedRuntime.cpp, line 605]

Events (10 events):
Event: 17.374 Thread 0x00000000163fb800 DEOPT UNPACKING pc=0x000000000282582a sp=0x0000000016a5e798 mode 2
Event: 17.410 Thread 0x00000000163fb800 Uncommon trap: trap_request=0xffffffde fr.pc=0x0000000003010380
Event: 17.410 Thread 0x00000000163fb800 DEOPT PACKING pc=0x0000000003010380 sp=0x0000000016a5e3a0
Event: 17.410 Thread 0x00000000163fb800 DEOPT UNPACKING pc=0x000000000282582a sp=0x0000000016a5e338 mode 2
Event: 17.425 Thread 0x00000000163fb800 Uncommon trap: trap_request=0xffffffde fr.pc=0x000000000300fb84
Event: 17.425 Thread 0x00000000163fb800 DEOPT PACKING pc=0x000000000300fb84 sp=0x0000000016a5e3a0
Event: 17.425 Thread 0x00000000163fb800 DEOPT UNPACKING pc=0x000000000282582a sp=0x0000000016a5e330 mode 2
Event: 17.637 Thread 0x00000000163fb800 Uncommon trap: trap_request=0xffffff65 fr.pc=0x0000000002cc5280
Event: 17.637 Thread 0x00000000163fb800 DEOPT PACKING pc=0x0000000002cc5280 sp=0x0000000016a5e200
Event: 17.637 Thread 0x00000000163fb800 DEOPT UNPACKING pc=0x000000000282582a sp=0x0000000016a5e168 mode 2


Dynamic libraries:
0x000000013f750000 - 0x000000013f787000 	C:\Program Files\Java\jdk1.8.0_101\bin\java.exe
0x0000000077470000 - 0x0000000077619000 	C:\Windows\SYSTEM32\ntdll.dll
0x0000000077350000 - 0x000000007746f000 	C:\Windows\system32\kernel32.dll
0x000007fefd3f0000 - 0x000007fefd45b000 	C:\Windows\system32\KERNELBASE.dll
0x000007fefeed0000 - 0x000007fefefab000 	C:\Windows\system32\ADVAPI32.dll
0x000007fefed60000 - 0x000007fefedff000 	C:\Windows\system32\msvcrt.dll
0x000007fefd830000 - 0x000007fefd84f000 	C:\Windows\SYSTEM32\sechost.dll
0x000007fefec30000 - 0x000007fefed5d000 	C:\Windows\system32\RPCRT4.dll
0x0000000077250000 - 0x000000007734a000 	C:\Windows\system32\USER32.dll
0x000007feff710000 - 0x000007feff777000 	C:\Windows\system32\GDI32.dll
0x000007fefd690000 - 0x000007fefd69e000 	C:\Windows\system32\LPK.dll
0x000007feff5c0000 - 0x000007feff689000 	C:\Windows\system32\USP10.dll
0x000007fefbdb0000 - 0x000007fefbfa4000 	C:\Windows\WinSxS\amd64_microsoft.windows.common-controls_6595b64144ccf1df_6.0.7601.17514_none_fa396087175ac9ac\COMCTL32.dll
0x000007feff690000 - 0x000007feff701000 	C:\Windows\system32\SHLWAPI.dll
0x000007fefeea0000 - 0x000007fefeece000 	C:\Windows\system32\IMM32.DLL
0x000007fefd6a0000 - 0x000007fefd7a9000 	C:\Windows\system32\MSCTF.dll
0x0000000060ab0000 - 0x0000000060b82000 	C:\Program Files\Java\jdk1.8.0_101\jre\bin\msvcr100.dll
0x0000000052890000 - 0x000000005312a000 	C:\Program Files\Java\jdk1.8.0_101\jre\bin\server\jvm.dll
0x000007fef6dc0000 - 0x000007fef6dc9000 	C:\Windows\system32\WSOCK32.dll
0x000007fefd640000 - 0x000007fefd68d000 	C:\Windows\system32\WS2_32.dll
0x000007fefea70000 - 0x000007fefea78000 	C:\Windows\system32\NSI.dll
0x000007fef9f80000 - 0x000007fef9fbb000 	C:\Windows\system32\WINMM.dll
0x000007fefc310000 - 0x000007fefc31c000 	C:\Windows\system32\VERSION.dll
0x0000000077640000 - 0x0000000077647000 	C:\Windows\system32\PSAPI.DLL
0x0000000074180000 - 0x000000007418f000 	C:\Program Files\Java\jdk1.8.0_101\jre\bin\verify.dll
0x000000006bd30000 - 0x000000006bd59000 	C:\Program Files\Java\jdk1.8.0_101\jre\bin\java.dll
0x000000006dd10000 - 0x000000006dd26000 	C:\Program Files\Java\jdk1.8.0_101\jre\bin\zip.dll
0x000007fefdad0000 - 0x000007fefe858000 	C:\Windows\system32\SHELL32.dll
0x000007fefe860000 - 0x000007fefea63000 	C:\Windows\system32\ole32.dll
0x000007fefd220000 - 0x000007fefd22f000 	C:\Windows\system32\profapi.dll

VM Arguments:
jvm_args: -Djava.awt.headless=true -Xmx1024M -Dfile.encoding=windows-1251 -Duser.country=RU -Duser.language=ru -Duser.variant 
java_command: com.android.dx.command.Main --dex --force-jumbo --num-threads=4 --multi-dex --output D:\ORT\Android\SQLiteProvider\app\build\intermediates\transforms\dex\debug\folders\1000\10\com.android.support-appcompat-v7-24.2.0_567240d0da4ec354618efe204472c52df7c22a71 D:\ORT\Android\SQLiteProvider\app\build\intermediates\exploded-aar\com.android.support\appcompat-v7\24.2.0\jars\classes.jar
java_class_path (initial): D:\Programs\AndroidSDK\build-tools\24.0.2\lib\dx.jar
Launcher Type: SUN_STANDARD

Environment Variables:
JAVA_HOME=C:\Program Files\Java\jdk1.8.0_101
PATH=C:\ProgramData\Oracle\Java\javapath;C:\Program Files (x86)\NVIDIA Corporation\PhysX\Common;C:\Windows\system32;C:\Windows;C:\Windows\System32\Wbem;C:\Windows\System32\WindowsPowerShell\v1.0\;C:\Program Files (x86)\Skype\Phone\;C:\Program Files\Microsoft SQL Server\120\Tools\Binn\;C:\Program Files\Microsoft SQL Server\110\DTS\Binn\;C:\Program Files (x86)\Microsoft SQL Server\110\Tools\Binn\;C:\Program Files\Microsoft SQL Server\110\Tools\Binn\;C:\Program Files (x86)\Microsoft SQL Server\110\Tools\Binn\ManagementStudio\;C:\Program Files (x86)\Microsoft Visual Studio 10.0\Common7\IDE\PrivateAssemblies\;C:\Program Files (x86)\Microsoft SQL Server\110\DTS\Binn\;C:\Program Files (x86)\Windows Kits\8.1\Windows Performance Toolkit\;C:\Program Files\Microsoft SQL Server\130\Tools\Binn\;C:\Program Files\dotnet\;C:\Program Files (x86)\nodejs\;C:\Program Files\Git\cmd;C:\mongodb\bin;C:\Users\User\AppData\Roaming\npm
USERNAME=User
OS=Windows_NT
PROCESSOR_IDENTIFIER=Intel64 Family 6 Model 37 Stepping 2, GenuineIntel



---------------  S Y S T E M  ---------------

OS: Windows 7 , 64 bit Build 7601 (6.1.7601.18015)

CPU:total 2 (2 cores per cpu, 1 threads per core) family 6 model 37 stepping 2, cmov, cx8, fxsr, mmx, sse, sse2, sse3, ssse3, popcnt, tsc, tscinvbit

Memory: 4k page, physical 5692912k(545988k free), swap 7739048k(5296k free)

vm_info: Java HotSpot(TM) 64-Bit Server VM (25.101-b13) for windows-amd64 JRE (1.8.0_101-b13), built on Jun 22 2016 01:21:29 by "java_re" with MS VC++ 10.0 (VS2010)

time: Wed Oct 12 20:49:26 2016
elapsed time: 17 seconds (0d 0h 0m 17s)

