#
# There is insufficient memory for the Java Runtime Environment to continue.
# Native memory allocation (malloc) failed to allocate 116304 bytes for Chunk::new
# Possible reasons:
#   The system is out of physical RAM or swap space
#   In 32 bit mode, the process size limit was hit
# Possible solutions:
#   Reduce memory load on the system
#   Increase physical memory or swap space
#   Check if swap backing store is full
#   Use 64 bit Java on a 64 bit OS
#   Decrease Java heap size (-Xmx/-Xms)
#   Decrease number of Java threads
#   Decrease Java thread stack sizes (-Xss)
#   Set larger code cache with -XX:ReservedCodeCacheSize=
# This output file may be truncated or incomplete.
#
#  Out of Memory Error (allocation.cpp:390), pid=5592, tid=0x0000000000001038
#
# JRE version: Java(TM) SE Runtime Environment (8.0_101-b13) (build 1.8.0_101-b13)
# Java VM: Java HotSpot(TM) 64-Bit Server VM (25.101-b13 mixed mode windows-amd64 compressed oops)
# Failed to write core dump. Minidumps are not enabled by default on client versions of Windows
#

---------------  T H R E A D  ---------------

Current thread (0x0000000014e55000):  JavaThread "C2 CompilerThread0" daemon [_thread_in_native, id=4152, stack(0x0000000016040000,0x0000000016140000)]

Stack: [0x0000000016040000,0x0000000016140000]
[error occurred during error reporting (printing stack bounds), id 0xc0000005]

Native frames: (J=compiled Java code, j=interpreted, Vv=VM code, C=native code)


Current CompileTask:
C2:  32930 2200       4       com.android.dx.dex.code.OutputFinisher::getAllConstants (47 bytes)


---------------  P R O C E S S  ---------------

Java Threads: ( => current thread )
  0x00000000164ac800 JavaThread "pool-1-thread-1" [_thread_in_vm, id=6472, stack(0x0000000016b40000,0x0000000016c40000)]
  0x0000000014e5d800 JavaThread "Service Thread" daemon [_thread_blocked, id=5488, stack(0x00000000166e0000,0x00000000167e0000)]
  0x0000000014e5b000 JavaThread "C1 CompilerThread1" daemon [_thread_in_native, id=4800, stack(0x0000000016190000,0x0000000016290000)]
=>0x0000000014e55000 JavaThread "C2 CompilerThread0" daemon [_thread_in_native, id=4152, stack(0x0000000016040000,0x0000000016140000)]
  0x0000000014e53800 JavaThread "Attach Listener" daemon [_thread_blocked, id=2768, stack(0x0000000015a50000,0x0000000015b50000)]
  0x0000000014e62000 JavaThread "Signal Dispatcher" daemon [_thread_blocked, id=6200, stack(0x0000000015e70000,0x0000000015f70000)]
  0x0000000014e3f000 JavaThread "Finalizer" daemon [_thread_blocked, id=6748, stack(0x0000000015cd0000,0x0000000015dd0000)]
  0x0000000014df7000 JavaThread "Reference Handler" daemon [_thread_blocked, id=6100, stack(0x0000000015ba0000,0x0000000015ca0000)]
  0x00000000003df000 JavaThread "main" [_thread_blocked, id=7088, stack(0x00000000025c0000,0x00000000026c0000)]

Other Threads:
  0x0000000014ded000 VMThread [stack: 0x0000000015900000,0x0000000015a00000] [id=3124]
  0x00000000162a5800 WatcherThread [stack: 0x0000000016970000,0x0000000016a70000] [id=5852]

VM state:not at safepoint (normal execution)

VM Mutex/Monitor currently owned by a thread: None

Heap:
 PSYoungGen      total 100352K, used 30723K [0x00000000eab00000, 0x00000000f1d00000, 0x0000000100000000)
  eden space 88576K, 22% used [0x00000000eab00000,0x00000000ebea8400,0x00000000f0180000)
  from space 11776K, 89% used [0x00000000f0e80000,0x00000000f18d8ba8,0x00000000f1a00000)
  to   space 13312K, 0% used [0x00000000f0180000,0x00000000f0180000,0x00000000f0e80000)
 ParOldGen       total 60416K, used 17785K [0x00000000c0000000, 0x00000000c3b00000, 0x00000000eab00000)
  object space 60416K, 29% used [0x00000000c0000000,0x00000000c115e748,0x00000000c3b00000)
 Metaspace       used 6635K, capacity 7384K, committed 7680K, reserved 1056768K
  class space    used 624K, capacity 656K, committed 768K, reserved 1048576K

Card table byte_map: [0x0000000011d50000,0x0000000011f60000] byte_map_base: 0x0000000011750000

Marking Bits: (ParMarkBitMap*) 0x00000000530aa6d0
 Begin Bits: [0x00000000122c0000, 0x00000000132c0000)
 End Bits:   [0x00000000132c0000, 0x00000000142c0000)

Polling page: 0x0000000000330000

CodeCache: size=245760Kb used=9138Kb max_used=10291Kb free=236621Kb
 bounds [0x0000000002990000, 0x00000000033b0000, 0x0000000011990000]
 total_blobs=2216 nmethods=1947 adapters=182
 compilation: enabled

Compilation events (10 events):
Event: 32.879 Thread 0x0000000014e5b000 nmethod 2285 0x0000000002d99290 code [0x0000000002d99400, 0x0000000002d99608]
Event: 32.880 Thread 0x0000000014e5b000 2286       2       com.android.dx.dex.code.InsnFormat::unsignedFitsInNibble (14 bytes)
Event: 32.880 Thread 0x0000000014e5b000 nmethod 2286 0x0000000002b63810 code [0x0000000002b63960, 0x0000000002b63ab0]
Event: 32.885 Thread 0x0000000014e5b000 2287       2       com.android.dx.dex.file.DexFile::findItemOrNull (66 bytes)
Event: 32.885 Thread 0x0000000014e5b000 nmethod 2287 0x0000000002d98c50 code [0x0000000002d98de0, 0x0000000002d990f8]
Event: 32.886 Thread 0x0000000014e5b000 2288       2       com.android.dx.dex.code.InsnFormat::unsignedFitsInByte (15 bytes)
Event: 32.886 Thread 0x0000000014e5b000 nmethod 2288 0x0000000002b7a5d0 code [0x0000000002b7a720, 0x0000000002b7a870]
Event: 32.886 Thread 0x0000000014e5b000 2289       2       com.android.dx.dex.code.OutputFinisher::assignIndices (61 bytes)
Event: 32.887 Thread 0x0000000014e5b000 nmethod 2289 0x0000000002ba4750 code [0x0000000002ba4920, 0x0000000002ba4d98]
Event: 32.887 Thread 0x0000000014e5b000 2290       2       com.android.dx.dex.code.StdCatchBuilder::handlersFor (216 bytes)

GC Heap History (10 events):
Event: 3.501 GC heap before
{Heap before GC invocations=2 (full 0):
 PSYoungGen      total 26112K, used 26097K [0x00000000eab00000, 0x00000000ec800000, 0x0000000100000000)
  eden space 22528K, 100% used [0x00000000eab00000,0x00000000ec100000,0x00000000ec100000)
  from space 3584K, 99% used [0x00000000ec100000,0x00000000ec47c550,0x00000000ec480000)
  to   space 3584K, 0% used [0x00000000ec480000,0x00000000ec480000,0x00000000ec800000)
 ParOldGen       total 60416K, used 555K [0x00000000c0000000, 0x00000000c3b00000, 0x00000000eab00000)
  object space 60416K, 0% used [0x00000000c0000000,0x00000000c008aed8,0x00000000c3b00000)
 Metaspace       used 6161K, capacity 7026K, committed 7296K, reserved 1056768K
  class space    used 604K, capacity 618K, committed 640K, reserved 1048576K
Event: 3.559 GC heap after
Heap after GC invocations=2 (full 0):
 PSYoungGen      total 26112K, used 3568K [0x00000000eab00000, 0x00000000ede00000, 0x0000000100000000)
  eden space 22528K, 0% used [0x00000000eab00000,0x00000000eab00000,0x00000000ec100000)
  from space 3584K, 99% used [0x00000000ec480000,0x00000000ec7fc010,0x00000000ec800000)
  to   space 3584K, 0% used [0x00000000ec100000,0x00000000ec100000,0x00000000ec480000)
 ParOldGen       total 60416K, used 2756K [0x00000000c0000000, 0x00000000c3b00000, 0x00000000eab00000)
  object space 60416K, 4% used [0x00000000c0000000,0x00000000c02b1098,0x00000000c3b00000)
 Metaspace       used 6161K, capacity 7026K, committed 7296K, reserved 1056768K
  class space    used 604K, capacity 618K, committed 640K, reserved 1048576K
}
Event: 7.041 GC heap before
{Heap before GC invocations=3 (full 0):
 PSYoungGen      total 26112K, used 26096K [0x00000000eab00000, 0x00000000ede00000, 0x0000000100000000)
  eden space 22528K, 100% used [0x00000000eab00000,0x00000000ec100000,0x00000000ec100000)
  from space 3584K, 99% used [0x00000000ec480000,0x00000000ec7fc010,0x00000000ec800000)
  to   space 3584K, 0% used [0x00000000ec100000,0x00000000ec100000,0x00000000ec480000)
 ParOldGen       total 60416K, used 2756K [0x00000000c0000000, 0x00000000c3b00000, 0x00000000eab00000)
  object space 60416K, 4% used [0x00000000c0000000,0x00000000c02b1098,0x00000000c3b00000)
 Metaspace       used 6250K, capacity 7090K, committed 7296K, reserved 1056768K
  class space    used 604K, capacity 618K, committed 640K, reserved 1048576K
Event: 7.159 GC heap after
Heap after GC invocations=3 (full 0):
 PSYoungGen      total 26112K, used 3584K [0x00000000eab00000, 0x00000000ede00000, 0x0000000100000000)
  eden space 22528K, 0% used [0x00000000eab00000,0x00000000eab00000,0x00000000ec100000)
  from space 3584K, 100% used [0x00000000ec100000,0x00000000ec480000,0x00000000ec480000)
  to   space 3584K, 0% used [0x00000000eda80000,0x00000000eda80000,0x00000000ede00000)
 ParOldGen       total 60416K, used 6458K [0x00000000c0000000, 0x00000000c3b00000, 0x00000000eab00000)
  object space 60416K, 10% used [0x00000000c0000000,0x00000000c064e988,0x00000000c3b00000)
 Metaspace       used 6250K, capacity 7090K, committed 7296K, reserved 1056768K
  class space    used 604K, capacity 618K, committed 640K, reserved 1048576K
}
Event: 13.932 GC heap before
{Heap before GC invocations=4 (full 0):
 PSYoungGen      total 26112K, used 26112K [0x00000000eab00000, 0x00000000ede00000, 0x0000000100000000)
  eden space 22528K, 100% used [0x00000000eab00000,0x00000000ec100000,0x00000000ec100000)
  from space 3584K, 100% used [0x00000000ec100000,0x00000000ec480000,0x00000000ec480000)
  to   space 3584K, 0% used [0x00000000eda80000,0x00000000eda80000,0x00000000ede00000)
 ParOldGen       total 60416K, used 6458K [0x00000000c0000000, 0x00000000c3b00000, 0x00000000eab00000)
  object space 60416K, 10% used [0x00000000c0000000,0x00000000c064e988,0x00000000c3b00000)
 Metaspace       used 6291K, capacity 7090K, committed 7296K, reserved 1056768K
  class space    used 604K, capacity 618K, committed 640K, reserved 1048576K
Event: 13.983 GC heap after
Heap after GC invocations=4 (full 0):
 PSYoungGen      total 48640K, used 3584K [0x00000000eab00000, 0x00000000ede00000, 0x0000000100000000)
  eden space 45056K, 0% used [0x00000000eab00000,0x00000000eab00000,0x00000000ed700000)
  from space 3584K, 100% used [0x00000000eda80000,0x00000000ede00000,0x00000000ede00000)
  to   space 3584K, 0% used [0x00000000ed700000,0x00000000ed700000,0x00000000eda80000)
 ParOldGen       total 60416K, used 10347K [0x00000000c0000000, 0x00000000c3b00000, 0x00000000eab00000)
  object space 60416K, 17% used [0x00000000c0000000,0x00000000c0a1ad70,0x00000000c3b00000)
 Metaspace       used 6291K, capacity 7090K, committed 7296K, reserved 1056768K
  class space    used 604K, capacity 618K, committed 640K, reserved 1048576K
}
Event: 26.551 GC heap before
{Heap before GC invocations=5 (full 0):
 PSYoungGen      total 48640K, used 48640K [0x00000000eab00000, 0x00000000ede00000, 0x0000000100000000)
  eden space 45056K, 100% used [0x00000000eab00000,0x00000000ed700000,0x00000000ed700000)
  from space 3584K, 100% used [0x00000000eda80000,0x00000000ede00000,0x00000000ede00000)
  to   space 3584K, 0% used [0x00000000ed700000,0x00000000ed700000,0x00000000eda80000)
 ParOldGen       total 60416K, used 10347K [0x00000000c0000000, 0x00000000c3b00000, 0x00000000eab00000)
  object space 60416K, 17% used [0x00000000c0000000,0x00000000c0a1ad70,0x00000000c3b00000)
 Metaspace       used 6356K, capacity 7154K, committed 7296K, reserved 1056768K
  class space    used 605K, capacity 618K, committed 640K, reserved 1048576K
Event: 27.165 GC heap after
Heap after GC invocations=5 (full 0):
 PSYoungGen      total 48640K, used 3564K [0x00000000eab00000, 0x00000000f1a00000, 0x0000000100000000)
  eden space 45056K, 0% used [0x00000000eab00000,0x00000000eab00000,0x00000000ed700000)
  from space 3584K, 99% used [0x00000000ed700000,0x00000000eda7b080,0x00000000eda80000)
  to   space 11776K, 0% used [0x00000000f0e80000,0x00000000f0e80000,0x00000000f1a00000)
 ParOldGen       total 60416K, used 17785K [0x00000000c0000000, 0x00000000c3b00000, 0x00000000eab00000)
  object space 60416K, 29% used [0x00000000c0000000,0x00000000c115e748,0x00000000c3b00000)
 Metaspace       used 6356K, capacity 7154K, committed 7296K, reserved 1056768K
  class space    used 605K, capacity 618K, committed 640K, reserved 1048576K
}
Event: 31.499 GC heap before
{Heap before GC invocations=6 (full 0):
 PSYoungGen      total 48640K, used 48620K [0x00000000eab00000, 0x00000000f1a00000, 0x0000000100000000)
  eden space 45056K, 100% used [0x00000000eab00000,0x00000000ed700000,0x00000000ed700000)
  from space 3584K, 99% used [0x00000000ed700000,0x00000000eda7b080,0x00000000eda80000)
  to   space 11776K, 0% used [0x00000000f0e80000,0x00000000f0e80000,0x00000000f1a00000)
 ParOldGen       total 60416K, used 17785K [0x00000000c0000000, 0x00000000c3b00000, 0x00000000eab00000)
  object space 60416K, 29% used [0x00000000c0000000,0x00000000c115e748,0x00000000c3b00000)
 Metaspace       used 6373K, capacity 7154K, committed 7296K, reserved 1056768K
  class space    used 605K, capacity 618K, committed 640K, reserved 1048576K
Event: 31.705 GC heap after
Heap after GC invocations=6 (full 0):
 PSYoungGen      total 100352K, used 10594K [0x00000000eab00000, 0x00000000f1d00000, 0x0000000100000000)
  eden space 88576K, 0% used [0x00000000eab00000,0x00000000eab00000,0x00000000f0180000)
  from space 11776K, 89% used [0x00000000f0e80000,0x00000000f18d8ba8,0x00000000f1a00000)
  to   space 13312K, 0% used [0x00000000f0180000,0x00000000f0180000,0x00000000f0e80000)
 ParOldGen       total 60416K, used 17785K [0x00000000c0000000, 0x00000000c3b00000, 0x00000000eab00000)
  object space 60416K, 29% used [0x00000000c0000000,0x00000000c115e748,0x00000000c3b00000)
 Metaspace       used 6373K, capacity 7154K, committed 7296K, reserved 1056768K
  class space    used 605K, capacity 618K, committed 640K, reserved 1048576K
}

Deoptimization events (10 events):
Event: 32.649 Thread 0x00000000164ac800 Uncommon trap: reason=bimorphic action=maybe_recompile pc=0x0000000002e1a57c method=java.util.HashMap.getNode(ILjava/lang/Object;)Ljava/util/HashMap$Node; @ 126
Event: 32.678 Thread 0x00000000164ac800 Uncommon trap: reason=class_check action=maybe_recompile pc=0x0000000002bbea60 method=java.util.HashMap.putVal(ILjava/lang/Object;Ljava/lang/Object;ZZ)Ljava/lang/Object; @ 203
Event: 32.680 Thread 0x00000000164ac800 Uncommon trap: reason=class_check action=maybe_recompile pc=0x0000000002bbea60 method=java.util.HashMap.putVal(ILjava/lang/Object;Ljava/lang/Object;ZZ)Ljava/lang/Object; @ 203
Event: 32.680 Thread 0x00000000164ac800 Uncommon trap: reason=class_check action=maybe_recompile pc=0x0000000002bbea60 method=java.util.HashMap.putVal(ILjava/lang/Object;Ljava/lang/Object;ZZ)Ljava/lang/Object; @ 203
Event: 32.680 Thread 0x00000000164ac800 Uncommon trap: reason=class_check action=maybe_recompile pc=0x0000000002bbea60 method=java.util.HashMap.putVal(ILjava/lang/Object;Ljava/lang/Object;ZZ)Ljava/lang/Object; @ 203
Event: 32.770 Thread 0x00000000164ac800 Uncommon trap: reason=unstable_if action=reinterpret pc=0x00000000030968ec method=java.util.HashMap.resize()[Ljava/util/HashMap$Node; @ 206
Event: 32.881 Thread 0x00000000164ac800 Uncommon trap: reason=class_check action=maybe_recompile pc=0x0000000002ac9818 method=java.util.Arrays.equals([Ljava/lang/Object;[Ljava/lang/Object;)Z @ 62
Event: 32.881 Thread 0x00000000164ac800 Uncommon trap: reason=class_check action=maybe_recompile pc=0x0000000002ac9818 method=java.util.Arrays.equals([Ljava/lang/Object;[Ljava/lang/Object;)Z @ 62
Event: 32.881 Thread 0x00000000164ac800 Uncommon trap: reason=unstable_if action=reinterpret pc=0x0000000002ac97f4 method=java.util.Arrays.equals([Ljava/lang/Object;[Ljava/lang/Object;)Z @ 23
Event: 32.882 Thread 0x00000000164ac800 Uncommon trap: reason=unstable_if action=reinterpret pc=0x00000000030dfc08 method=java.util.TreeMap.put(Ljava/lang/Object;Ljava/lang/Object;)Ljava/lang/Object; @ 163

Internal exceptions (4 events):
Event: 0.133 Thread 0x00000000003df000 Exception <a 'java/lang/NoSuchMethodError': Method sun.misc.Unsafe.defineClass(Ljava/lang/String;[BII)Ljava/lang/Class; name or signature does not match> (0x00000000eab07cc0) thrown at [C:\re\workspace\8-2-build-windows-amd64-cygwin\jdk8u101\7261\hotspot\sF(M*æÁ?
Event: 0.133 Thread 0x00000000003df000 Exception <a 'java/lang/NoSuchMethodError': Method sun.misc.Unsafe.prefetchRead(Ljava/lang/Object;J)V name or signature does not match> (0x00000000eab07fa8) thrown at [C:\re\workspace\8-2-build-windows-amd64-cygwin\jdk8u101\7261\hotspot\src\share\vm\prims\ p.@
Event: 3.760 Thread 0x00000000164b6800 Implicit null exception at 0x0000000002edb680 to 0x0000000002edbf11
Event: 4.483 Thread 0x00000000164b6800 Implicit null exception at 0x0000000002dd6192 to 0x0000000002dd6231

Events (10 events):
Event: 32.881 Thread 0x00000000164ac800 Uncommon trap: trap_request=0xffffff65 fr.pc=0x0000000002ac97f4
Event: 32.881 Thread 0x00000000164ac800 DEOPT PACKING pc=0x0000000002ac97f4 sp=0x0000000016c3e890
Event: 32.881 Thread 0x00000000164ac800 DEOPT UNPACKING pc=0x00000000029d582a sp=0x0000000016c3e820 mode 2
Event: 32.881 loading class com/android/dx/dex/code/CatchTable$Entry
Event: 32.881 loading class com/android/dx/dex/code/CatchTable$Entry done
Event: 32.882 Thread 0x00000000164ac800 Uncommon trap: trap_request=0xffffff65 fr.pc=0x00000000030dfc08
Event: 32.882 Thread 0x00000000164ac800 DEOPT PACKING pc=0x00000000030dfc08 sp=0x0000000016c3eaf0
Event: 32.882 Thread 0x00000000164ac800 DEOPT UNPACKING pc=0x00000000029d582a sp=0x0000000016c3ea90 mode 2
Event: 32.882 loading class com/android/dx/util/ByteArrayAnnotatedOutput
Event: 32.882 loading class com/android/dx/util/ByteArrayAnnotatedOutput done


Dynamic libraries:
0x000000013f750000 - 0x000000013f787000 	C:\Program Files\Java\jdk1.8.0_101\bin\java.exe
0x0000000077470000 - 0x0000000077619000 	C:\Windows\SYSTEM32\ntdll.dll
0x0000000077350000 - 0x000000007746f000 	C:\Windows\system32\kernel32.dll
0x000007fefd3f0000 - 0x000007fefd45b000 	C:\Windows\system32\KERNELBASE.dll
0x000007fefeed0000 - 0x000007fefefab000 	C:\Windows\system32\ADVAPI32.dll
0x000007fefed60000 - 0x000007fefedff000 	C:\Windows\system32\msvcrt.dll
0x000007fefd830000 - 0x000007fefd84f000 	C:\Windows\SYSTEM32\sechost.dll
0x000007fefec30000 - 0x000007fefed5d000 	C:\Windows\system32\RPCRT4.dll
0x0000000077250000 - 0x000000007734a000 	C:\Windows\system32\USER32.dll
0x000007feff710000 - 0x000007feff777000 	C:\Windows\system32\GDI32.dll
0x000007fefd690000 - 0x000007fefd69e000 	C:\Windows\system32\LPK.dll
0x000007feff5c0000 - 0x000007feff689000 	C:\Windows\system32\USP10.dll
0x000007fefbdb0000 - 0x000007fefbfa4000 	C:\Windows\WinSxS\amd64_microsoft.windows.common-controls_6595b64144ccf1df_6.0.7601.17514_none_fa396087175ac9ac\COMCTL32.dll
0x000007feff690000 - 0x000007feff701000 	C:\Windows\system32\SHLWAPI.dll
0x000007fefeea0000 - 0x000007fefeece000 	C:\Windows\system32\IMM32.DLL
0x000007fefd6a0000 - 0x000007fefd7a9000 	C:\Windows\system32\MSCTF.dll
0x0000000060ab0000 - 0x0000000060b82000 	C:\Program Files\Java\jdk1.8.0_101\jre\bin\msvcr100.dll
0x0000000052890000 - 0x000000005312a000 	C:\Program Files\Java\jdk1.8.0_101\jre\bin\server\jvm.dll
0x000007fef6dc0000 - 0x000007fef6dc9000 	C:\Windows\system32\WSOCK32.dll
0x000007fefd640000 - 0x000007fefd68d000 	C:\Windows\system32\WS2_32.dll
0x000007fefea70000 - 0x000007fefea78000 	C:\Windows\system32\NSI.dll
0x000007fef9f80000 - 0x000007fef9fbb000 	C:\Windows\system32\WINMM.dll
0x000007fefc310000 - 0x000007fefc31c000 	C:\Windows\system32\VERSION.dll
0x0000000077640000 - 0x0000000077647000 	C:\Windows\system32\PSAPI.DLL
0x0000000074180000 - 0x000000007418f000 	C:\Program Files\Java\jdk1.8.0_101\jre\bin\verify.dll
0x000000006bd30000 - 0x000000006bd59000 	C:\Program Files\Java\jdk1.8.0_101\jre\bin\java.dll
0x000000006dd10000 - 0x000000006dd26000 	C:\Program Files\Java\jdk1.8.0_101\jre\bin\zip.dll
0x000007fefdad0000 - 0x000007fefe858000 	C:\Windows\system32\SHELL32.dll
0x000007fefe860000 - 0x000007fefea63000 	C:\Windows\system32\ole32.dll
0x000007fefd220000 - 0x000007fefd22f000 	C:\Windows\system32\profapi.dll

VM Arguments:
jvm_args: -Djava.awt.headless=true -Xmx1024M -Dfile.encoding=windows-1251 -Duser.country=RU -Duser.language=ru -Duser.variant 
java_command: com.android.dx.command.Main --dex --force-jumbo --num-threads=4 --multi-dex --output D:\ORT\Android\SQLiteProvider\app\build\intermediates\transforms\dex\debug\folders\1000\10\com.android.support-support-compat-24.2.0_3e89a621e3eb36789687e709528cc1259487fef1 D:\ORT\Android\SQLiteProvider\app\build\intermediates\exploded-aar\com.android.support\support-compat\24.2.0\jars\classes.jar
java_class_path (initial): D:\Programs\AndroidSDK\build-tools\24.0.2\lib\dx.jar
Launcher Type: SUN_STANDARD

Environment Variables:
JAVA_HOME=C:\Program Files\Java\jdk1.8.0_101
PATH=C:\ProgramData\Oracle\Java\javapath;C:\Program Files (x86)\NVIDIA Corporation\PhysX\Common;C:\Windows\system32;C:\Windows;C:\Windows\System32\Wbem;C:\Windows\System32\WindowsPowerShell\v1.0\;C:\Program Files (x86)\Skype\Phone\;C:\Program Files\Microsoft SQL Server\120\Tools\Binn\;C:\Program Files\Microsoft SQL Server\110\DTS\Binn\;C:\Program Files (x86)\Microsoft SQL Server\110\Tools\Binn\;C:\Program Files\Microsoft SQL Server\110\Tools\Binn\;C:\Program Files (x86)\Microsoft SQL Server\110\Tools\Binn\ManagementStudio\;C:\Program Files (x86)\Microsoft Visual Studio 10.0\Common7\IDE\PrivateAssemblies\;C:\Program Files (x86)\Microsoft SQL Server\110\DTS\Binn\;C:\Program Files (x86)\Windows Kits\8.1\Windows Performance Toolkit\;C:\Program Files\Microsoft SQL Server\130\Tools\Binn\;C:\Program Files\dotnet\;C:\Program Files (x86)\nodejs\;C:\Program Files\Git\cmd;C:\mongodb\bin;C:\Users\User\AppData\Roaming\npm
USERNAME=User
OS=Windows_NT
PROCESSOR_IDENTIFIER=Intel64 Family 6 Model 37 Stepping 2, GenuineIntel



---------------  S Y S T E M  ---------------

OS: Windows 7 , 64 bit Build 7601 (6.1.7601.18015)

CPU:total 2 (2 cores per cpu, 1 threads per core) family 6 model 37 stepping 2, cmov, cx8, fxsr, mmx, sse, sse2, sse3, ssse3, popcnt, tsc, tscinvbit

Memory: 4k page, physical 5692912k(562400k free), swap 7739048k(10064k free)

vm_info: Java HotSpot(TM) 64-Bit Server VM (25.101-b13) for windows-amd64 JRE (1.8.0_101-b13), built on Jun 22 2016 01:21:29 by "java_re" with MS VC++ 10.0 (VS2010)

time: Wed Oct 12 20:37:08 2016
elapsed time: 33 seconds (0d 0h 0m 33s)

