#
# There is insufficient memory for the Java Runtime Environment to continue.
# Native memory allocation (malloc) failed to allocate 65552 bytes for Chunk::new
# Possible reasons:
#   The system is out of physical RAM or swap space
#   In 32 bit mode, the process size limit was hit
# Possible solutions:
#   Reduce memory load on the system
#   Increase physical memory or swap space
#   Check if swap backing store is full
#   Use 64 bit Java on a 64 bit OS
#   Decrease Java heap size (-Xmx/-Xms)
#   Decrease number of Java threads
#   Decrease Java thread stack sizes (-Xss)
#   Set larger code cache with -XX:ReservedCodeCacheSize=
# This output file may be truncated or incomplete.
#
#  Out of Memory Error (allocation.cpp:390), pid=6272, tid=0x00000000000010f8
#
# JRE version: Java(TM) SE Runtime Environment (8.0_101-b13) (build 1.8.0_101-b13)
# Java VM: Java HotSpot(TM) 64-Bit Server VM (25.101-b13 mixed mode windows-amd64 compressed oops)
# Failed to write core dump. Minidumps are not enabled by default on client versions of Windows
#

---------------  T H R E A D  ---------------

Current thread (0x0000000014c69000):  JavaThread "C2 CompilerThread0" daemon [_thread_in_native, id=4344, stack(0x0000000015ec0000,0x0000000015fc0000)]

Stack: [0x0000000015ec0000,0x0000000015fc0000]
[error occurred during error reporting (printing stack bounds), id 0xc0000005]

Native frames: (J=compiled Java code, j=interpreted, Vv=VM code, C=native code)


Current CompileTask:
C2:   5500 1696       4       com.android.dx.ssa.SCCP::simulateBranch (666 bytes)


---------------  P R O C E S S  ---------------

Java Threads: ( => current thread )
  0x0000000016328000 JavaThread "pool-2-thread-4" [_thread_blocked, id=6868, stack(0x0000000016c60000,0x0000000016d60000)]
  0x0000000016323000 JavaThread "pool-2-thread-3" [_thread_blocked, id=4620, stack(0x0000000016b50000,0x0000000016c50000)]
  0x000000001631e000 JavaThread "pool-2-thread-2" [_thread_blocked, id=5588, stack(0x00000000169f0000,0x0000000016af0000)]
  0x0000000016319800 JavaThread "pool-3-thread-1" [_thread_blocked, id=2788, stack(0x0000000015a70000,0x0000000015b70000)]
  0x0000000016317800 JavaThread "pool-2-thread-1" [_thread_blocked, id=4940, stack(0x0000000016650000,0x0000000016750000)]
  0x0000000016108800 JavaThread "Service Thread" daemon [_thread_blocked, id=6352, stack(0x0000000016520000,0x0000000016620000)]
  0x0000000014c8d800 JavaThread "C1 CompilerThread1" daemon [_thread_blocked, id=4800, stack(0x0000000015ff0000,0x00000000160f0000)]
=>0x0000000014c69000 JavaThread "C2 CompilerThread0" daemon [_thread_in_native, id=4344, stack(0x0000000015ec0000,0x0000000015fc0000)]
  0x0000000014c67800 JavaThread "Attach Listener" daemon [_thread_blocked, id=3452, stack(0x0000000015cc0000,0x0000000015dc0000)]
  0x0000000014c66800 JavaThread "Signal Dispatcher" daemon [_thread_blocked, id=2676, stack(0x0000000015b80000,0x0000000015c80000)]
  0x0000000014c4f000 JavaThread "Finalizer" daemon [_thread_blocked, id=3992, stack(0x0000000015850000,0x0000000015950000)]
  0x0000000014c07000 JavaThread "Reference Handler" daemon [_thread_blocked, id=3124, stack(0x0000000015950000,0x0000000015a50000)]
  0x000000000221f000 JavaThread "main" [_thread_blocked, id=1640, stack(0x0000000002270000,0x0000000002370000)]

Other Threads:
  0x0000000014bfd000 VMThread [stack: 0x0000000015660000,0x0000000015760000] [id=5184]
  0x0000000014ccd000 WatcherThread [stack: 0x0000000016770000,0x0000000016870000] [id=3476]

VM state:not at safepoint (normal execution)

VM Mutex/Monitor currently owned by a thread: None

Heap:
 PSYoungGen      total 48640K, used 17026K [0x00000000eab00000, 0x00000000f1800000, 0x0000000100000000)
  eden space 45056K, 29% used [0x00000000eab00000,0x00000000eb824e98,0x00000000ed700000)
  from space 3584K, 99% used [0x00000000ed700000,0x00000000eda7ba10,0x00000000eda80000)
  to   space 10752K, 0% used [0x00000000f0d80000,0x00000000f0d80000,0x00000000f1800000)
 ParOldGen       total 60416K, used 16259K [0x00000000c0000000, 0x00000000c3b00000, 0x00000000eab00000)
  object space 60416K, 26% used [0x00000000c0000000,0x00000000c0fe0ce8,0x00000000c3b00000)
 Metaspace       used 6346K, capacity 7128K, committed 7424K, reserved 1056768K
  class space    used 623K, capacity 656K, committed 768K, reserved 1048576K

Card table byte_map: [0x0000000011ae0000,0x0000000011cf0000] byte_map_base: 0x00000000114e0000

Marking Bits: (ParMarkBitMap*) 0x00000000530aa6d0
 Begin Bits: [0x00000000120d0000, 0x00000000130d0000)
 End Bits:   [0x00000000130d0000, 0x00000000140d0000)

Polling page: 0x0000000000230000

CodeCache: size=245760Kb used=6818Kb max_used=6818Kb free=238941Kb
 bounds [0x0000000002720000, 0x0000000002dd0000, 0x0000000011720000]
 total_blobs=1985 nmethods=1717 adapters=182
 compilation: enabled

Compilation events (10 events):
Event: 5.393 Thread 0x0000000014c8d800 1737       2       com.android.dx.ssa.PhiInsn::updateSourcesToDefinitions (68 bytes)
Event: 5.394 Thread 0x0000000014c8d800 nmethod 1737 0x0000000002db0190 code [0x0000000002db0340, 0x0000000002db06f8]
Event: 5.406 Thread 0x0000000014c8d800 1738       3       com.android.dx.cf.code.BaseMachine::popArgs (62 bytes)
Event: 5.406 Thread 0x0000000014c8d800 nmethod 1738 0x0000000002daf6d0 code [0x0000000002daf880, 0x0000000002dafef8]
Event: 5.426 Thread 0x0000000014c8d800 1740       3       com.android.dx.cf.code.BasicBlocker::getBlockList (208 bytes)
Event: 5.428 Thread 0x0000000014c8d800 nmethod 1740 0x0000000002dcb450 code [0x0000000002dcb6c0, 0x0000000002dcc8a8]
Event: 5.429 Thread 0x0000000014c8d800 1741       2       com.android.dx.util.IntList::makeImmutable (25 bytes)
Event: 5.430 Thread 0x0000000014c8d800 nmethod 1741 0x0000000002daf250 code [0x0000000002daf3c0, 0x0000000002daf5c8]
Event: 5.443 Thread 0x0000000014c8d800 1742       2       com.android.dx.dex.file.AnnotationItem::addContents (27 bytes)
Event: 5.444 Thread 0x0000000014c8d800 nmethod 1742 0x0000000002daedd0 code [0x0000000002daef40, 0x0000000002daf118]

GC Heap History (10 events):
Event: 2.334 GC heap before
{Heap before GC invocations=1 (full 0):
 PSYoungGen      total 26112K, used 22528K [0x00000000eab00000, 0x00000000ec800000, 0x0000000100000000)
  eden space 22528K, 100% used [0x00000000eab00000,0x00000000ec100000,0x00000000ec100000)
  from space 3584K, 0% used [0x00000000ec480000,0x00000000ec480000,0x00000000ec800000)
  to   space 3584K, 0% used [0x00000000ec100000,0x00000000ec100000,0x00000000ec480000)
 ParOldGen       total 60416K, used 0K [0x00000000c0000000, 0x00000000c3b00000, 0x00000000eab00000)
  object space 60416K, 0% used [0x00000000c0000000,0x00000000c0000000,0x00000000c3b00000)
 Metaspace       used 5806K, capacity 6768K, committed 7040K, reserved 1056768K
  class space    used 596K, capacity 616K, committed 640K, reserved 1048576K
Event: 2.345 GC heap after
Heap after GC invocations=1 (full 0):
 PSYoungGen      total 26112K, used 3573K [0x00000000eab00000, 0x00000000ec800000, 0x0000000100000000)
  eden space 22528K, 0% used [0x00000000eab00000,0x00000000eab00000,0x00000000ec100000)
  from space 3584K, 99% used [0x00000000ec100000,0x00000000ec47d640,0x00000000ec480000)
  to   space 3584K, 0% used [0x00000000ec480000,0x00000000ec480000,0x00000000ec800000)
 ParOldGen       total 60416K, used 912K [0x00000000c0000000, 0x00000000c3b00000, 0x00000000eab00000)
  object space 60416K, 1% used [0x00000000c0000000,0x00000000c00e4178,0x00000000c3b00000)
 Metaspace       used 5806K, capacity 6768K, committed 7040K, reserved 1056768K
  class space    used 596K, capacity 616K, committed 640K, reserved 1048576K
}
Event: 3.529 GC heap before
{Heap before GC invocations=2 (full 0):
 PSYoungGen      total 26112K, used 26101K [0x00000000eab00000, 0x00000000ec800000, 0x0000000100000000)
  eden space 22528K, 100% used [0x00000000eab00000,0x00000000ec100000,0x00000000ec100000)
  from space 3584K, 99% used [0x00000000ec100000,0x00000000ec47d640,0x00000000ec480000)
  to   space 3584K, 0% used [0x00000000ec480000,0x00000000ec480000,0x00000000ec800000)
 ParOldGen       total 60416K, used 912K [0x00000000c0000000, 0x00000000c3b00000, 0x00000000eab00000)
  object space 60416K, 1% used [0x00000000c0000000,0x00000000c00e4178,0x00000000c3b00000)
 Metaspace       used 6108K, capacity 7026K, committed 7296K, reserved 1056768K
  class space    used 600K, capacity 618K, committed 640K, reserved 1048576K
Event: 3.547 GC heap after
Heap after GC invocations=2 (full 0):
 PSYoungGen      total 26112K, used 3562K [0x00000000eab00000, 0x00000000ec800000, 0x0000000100000000)
  eden space 22528K, 0% used [0x00000000eab00000,0x00000000eab00000,0x00000000ec100000)
  from space 3584K, 99% used [0x00000000ec480000,0x00000000ec7faab8,0x00000000ec800000)
  to   space 3584K, 0% used [0x00000000ec100000,0x00000000ec100000,0x00000000ec480000)
 ParOldGen       total 60416K, used 3341K [0x00000000c0000000, 0x00000000c3b00000, 0x00000000eab00000)
  object space 60416K, 5% used [0x00000000c0000000,0x00000000c03435f8,0x00000000c3b00000)
 Metaspace       used 6108K, capacity 7026K, committed 7296K, reserved 1056768K
  class space    used 600K, capacity 618K, committed 640K, reserved 1048576K
}
Event: 4.279 GC heap before
{Heap before GC invocations=3 (full 0):
 PSYoungGen      total 26112K, used 26090K [0x00000000eab00000, 0x00000000ec800000, 0x0000000100000000)
  eden space 22528K, 100% used [0x00000000eab00000,0x00000000ec100000,0x00000000ec100000)
  from space 3584K, 99% used [0x00000000ec480000,0x00000000ec7faab8,0x00000000ec800000)
  to   space 3584K, 0% used [0x00000000ec100000,0x00000000ec100000,0x00000000ec480000)
 ParOldGen       total 60416K, used 3341K [0x00000000c0000000, 0x00000000c3b00000, 0x00000000eab00000)
  object space 60416K, 5% used [0x00000000c0000000,0x00000000c03435f8,0x00000000c3b00000)
 Metaspace       used 6306K, capacity 7128K, committed 7424K, reserved 1056768K
  class space    used 622K, capacity 656K, committed 768K, reserved 1048576K
Event: 4.339 GC heap after
Heap after GC invocations=3 (full 0):
 PSYoungGen      total 26112K, used 3577K [0x00000000eab00000, 0x00000000ede00000, 0x0000000100000000)
  eden space 22528K, 0% used [0x00000000eab00000,0x00000000eab00000,0x00000000ec100000)
  from space 3584K, 99% used [0x00000000ec100000,0x00000000ec47e510,0x00000000ec480000)
  to   space 3584K, 0% used [0x00000000eda80000,0x00000000eda80000,0x00000000ede00000)
 ParOldGen       total 60416K, used 6703K [0x00000000c0000000, 0x00000000c3b00000, 0x00000000eab00000)
  object space 60416K, 11% used [0x00000000c0000000,0x00000000c068bf88,0x00000000c3b00000)
 Metaspace       used 6306K, capacity 7128K, committed 7424K, reserved 1056768K
  class space    used 622K, capacity 656K, committed 768K, reserved 1048576K
}
Event: 4.620 GC heap before
{Heap before GC invocations=4 (full 0):
 PSYoungGen      total 26112K, used 26105K [0x00000000eab00000, 0x00000000ede00000, 0x0000000100000000)
  eden space 22528K, 100% used [0x00000000eab00000,0x00000000ec100000,0x00000000ec100000)
  from space 3584K, 99% used [0x00000000ec100000,0x00000000ec47e510,0x00000000ec480000)
  to   space 3584K, 0% used [0x00000000eda80000,0x00000000eda80000,0x00000000ede00000)
 ParOldGen       total 60416K, used 6703K [0x00000000c0000000, 0x00000000c3b00000, 0x00000000eab00000)
  object space 60416K, 11% used [0x00000000c0000000,0x00000000c068bf88,0x00000000c3b00000)
 Metaspace       used 6320K, capacity 7128K, committed 7424K, reserved 1056768K
  class space    used 622K, capacity 656K, committed 768K, reserved 1048576K
Event: 4.657 GC heap after
Heap after GC invocations=4 (full 0):
 PSYoungGen      total 48640K, used 3577K [0x00000000eab00000, 0x00000000ede00000, 0x0000000100000000)
  eden space 45056K, 0% used [0x00000000eab00000,0x00000000eab00000,0x00000000ed700000)
  from space 3584K, 99% used [0x00000000eda80000,0x00000000eddfe510,0x00000000ede00000)
  to   space 3584K, 0% used [0x00000000ed700000,0x00000000ed700000,0x00000000eda80000)
 ParOldGen       total 60416K, used 9925K [0x00000000c0000000, 0x00000000c3b00000, 0x00000000eab00000)
  object space 60416K, 16% used [0x00000000c0000000,0x00000000c09b1510,0x00000000c3b00000)
 Metaspace       used 6320K, capacity 7128K, committed 7424K, reserved 1056768K
  class space    used 622K, capacity 656K, committed 768K, reserved 1048576K
}
Event: 5.296 GC heap before
{Heap before GC invocations=5 (full 0):
 PSYoungGen      total 48640K, used 48633K [0x00000000eab00000, 0x00000000ede00000, 0x0000000100000000)
  eden space 45056K, 100% used [0x00000000eab00000,0x00000000ed700000,0x00000000ed700000)
  from space 3584K, 99% used [0x00000000eda80000,0x00000000eddfe510,0x00000000ede00000)
  to   space 3584K, 0% used [0x00000000ed700000,0x00000000ed700000,0x00000000eda80000)
 ParOldGen       total 60416K, used 9925K [0x00000000c0000000, 0x00000000c3b00000, 0x00000000eab00000)
  object space 60416K, 16% used [0x00000000c0000000,0x00000000c09b1510,0x00000000c3b00000)
 Metaspace       used 6342K, capacity 7128K, committed 7424K, reserved 1056768K
  class space    used 623K, capacity 656K, committed 768K, reserved 1048576K
Event: 5.340 GC heap after
Heap after GC invocations=5 (full 0):
 PSYoungGen      total 48640K, used 3566K [0x00000000eab00000, 0x00000000f1800000, 0x0000000100000000)
  eden space 45056K, 0% used [0x00000000eab00000,0x00000000eab00000,0x00000000ed700000)
  from space 3584K, 99% used [0x00000000ed700000,0x00000000eda7ba10,0x00000000eda80000)
  to   space 10752K, 0% used [0x00000000f0d80000,0x00000000f0d80000,0x00000000f1800000)
 ParOldGen       total 60416K, used 16259K [0x00000000c0000000, 0x00000000c3b00000, 0x00000000eab00000)
  object space 60416K, 26% used [0x00000000c0000000,0x00000000c0fe0ce8,0x00000000c3b00000)
 Metaspace       used 6342K, capacity 7128K, committed 7424K, reserved 1056768K
  class space    used 623K, capacity 656K, committed 768K, reserved 1048576K
}

Deoptimization events (10 events):
Event: 3.364 Thread 0x000000001631e000 Uncommon trap: reason=unstable_if action=reinterpret pc=0x0000000002992654 method=com.android.dx.rop.code.RegisterSpecSet.put(Lcom/android/dx/rop/code/RegisterSpec;)V @ 77
Event: 3.364 Thread 0x000000001631e000 Uncommon trap: reason=unstable_if action=reinterpret pc=0x0000000002af6818 method=com.android.dx.rop.code.RegisterSpecSet.put(Lcom/android/dx/rop/code/RegisterSpec;)V @ 77
Event: 3.365 Thread 0x000000001631e000 Uncommon trap: reason=class_check action=maybe_recompile pc=0x0000000002b82cb4 method=java.util.HashMap.putVal(ILjava/lang/Object;Ljava/lang/Object;ZZ)Ljava/lang/Object; @ 203
Event: 3.365 Thread 0x000000001631e000 Uncommon trap: reason=class_check action=maybe_recompile pc=0x0000000002b82cb4 method=java.util.HashMap.putVal(ILjava/lang/Object;Ljava/lang/Object;ZZ)Ljava/lang/Object; @ 203
Event: 3.365 Thread 0x000000001631e000 Uncommon trap: reason=class_check action=maybe_recompile pc=0x0000000002b82cb4 method=java.util.HashMap.putVal(ILjava/lang/Object;Ljava/lang/Object;ZZ)Ljava/lang/Object; @ 203
Event: 4.252 Thread 0x000000001631e000 Uncommon trap: reason=unstable_if action=reinterpret pc=0x0000000002b76718 method=java.util.HashMap.putVal(ILjava/lang/Object;Ljava/lang/Object;ZZ)Ljava/lang/Object; @ 162
Event: 4.256 Thread 0x000000001631e000 Uncommon trap: reason=unstable_if action=reinterpret pc=0x0000000002c6429c method=java.util.HashMap.getNode(ILjava/lang/Object;)Ljava/util/HashMap$Node; @ 84
Event: 4.264 Thread 0x000000001631e000 Uncommon trap: reason=unstable_if action=reinterpret pc=0x0000000002d07c80 method=java.util.HashMap.getNode(ILjava/lang/Object;)Ljava/util/HashMap$Node; @ 84
Event: 4.439 Thread 0x000000001631e000 Uncommon trap: reason=unstable_if action=reinterpret pc=0x0000000002cdad64 method=java.util.HashMap.putVal(ILjava/lang/Object;Ljava/lang/Object;ZZ)Ljava/lang/Object; @ 162
Event: 4.875 Thread 0x000000001631e000 Uncommon trap: reason=unstable_if action=reinterpret pc=0x0000000002b1d7ac method=com.android.dx.util.IntList.binarysearch(I)I @ 105

Internal exceptions (6 events):
Event: 0.085 Thread 0x000000000221f000 Exception <a 'java/lang/NoSuchMethodError': Method sun.misc.Unsafe.defineClass(Ljava/lang/String;[BII)Ljava/lang/Class; name or signature does not match> (0x00000000eab07cc0) thrown at [C:\re\workspace\8-2-build-windows-amd64-cygwin\jdk8u101\7261\hotspot\s§–™»µ?
Event: 0.085 Thread 0x000000000221f000 Exception <a 'java/lang/NoSuchMethodError': Method sun.misc.Unsafe.prefetchRead(Ljava/lang/Object;J)V name or signature does not match> (0x00000000eab07fa8) thrown at [C:\re\workspace\8-2-build-windows-amd64-cygwin\jdk8u101\7261\hotspot\src\share\vm\prims\EP,br@
Event: 2.753 Thread 0x0000000016328000 Implicit null exception at 0x0000000002a7a8b7 to 0x0000000002a7c111
Event: 4.254 Thread 0x000000001631e000 Exception <a 'java/lang/ArrayIndexOutOfBoundsException': 18> (0x00000000ebc39808) thrown at [C:\re\workspace\8-2-build-windows-amd64-cygwin\jdk8u101\7261\hotspot\src\share\vm\interpreter\interpreterRuntime.cpp, line 366]
Event: 4.254 Thread 0x000000001631e000 Exception <a 'java/lang/ArrayIndexOutOfBoundsException': 145> (0x00000000ebc3b388) thrown at [C:\re\workspace\8-2-build-windows-amd64-cygwin\jdk8u101\7261\hotspot\src\share\vm\interpreter\interpreterRuntime.cpp, line 366]
Event: 4.255 Thread 0x000000001631e000 Exception <a 'java/lang/ArrayIndexOutOfBoundsException'> (0x00000000ebc3c670) thrown at [C:\re\workspace\8-2-build-windows-amd64-cygwin\jdk8u101\7261\hotspot\src\share\vm\runtime\sharedRuntime.cpp, line 605]

Events (10 events):
Event: 4.983 Thread 0x000000001631e000 DEOPT PACKING pc=0x0000000002abdcde sp=0x0000000016aee400
Event: 4.983 Thread 0x000000001631e000 DEOPT UNPACKING pc=0x000000000276747f sp=0x0000000016aee120 mode 0
Event: 4.999 Thread 0x000000001631e000 DEOPT PACKING pc=0x0000000002b8abc4 sp=0x0000000016aeeb10
Event: 4.999 Thread 0x000000001631e000 DEOPT UNPACKING pc=0x000000000276747f sp=0x0000000016aee868 mode 0
Event: 5.296 Executing VM operation: ParallelGCFailedAllocation
Event: 5.341 Executing VM operation: ParallelGCFailedAllocation done
Event: 5.387 Thread 0x0000000016317800 DEOPT PACKING pc=0x0000000002b83a3b sp=0x000000001674e8b0
Event: 5.387 Thread 0x0000000016317800 DEOPT UNPACKING pc=0x000000000276747f sp=0x000000001674e618 mode 0
Event: 5.426 Thread 0x0000000016317800 DEOPT PACKING pc=0x0000000002b63efd sp=0x000000001674e890
Event: 5.426 Thread 0x0000000016317800 DEOPT UNPACKING pc=0x000000000276747f sp=0x000000001674e620 mode 0


Dynamic libraries:
0x000000013f750000 - 0x000000013f787000 	C:\Program Files\Java\jdk1.8.0_101\bin\java.exe
0x0000000077470000 - 0x0000000077619000 	C:\Windows\SYSTEM32\ntdll.dll
0x0000000077350000 - 0x000000007746f000 	C:\Windows\system32\kernel32.dll
0x000007fefd3f0000 - 0x000007fefd45b000 	C:\Windows\system32\KERNELBASE.dll
0x000007fefeed0000 - 0x000007fefefab000 	C:\Windows\system32\ADVAPI32.dll
0x000007fefed60000 - 0x000007fefedff000 	C:\Windows\system32\msvcrt.dll
0x000007fefd830000 - 0x000007fefd84f000 	C:\Windows\SYSTEM32\sechost.dll
0x000007fefec30000 - 0x000007fefed5d000 	C:\Windows\system32\RPCRT4.dll
0x0000000077250000 - 0x000000007734a000 	C:\Windows\system32\USER32.dll
0x000007feff710000 - 0x000007feff777000 	C:\Windows\system32\GDI32.dll
0x000007fefd690000 - 0x000007fefd69e000 	C:\Windows\system32\LPK.dll
0x000007feff5c0000 - 0x000007feff689000 	C:\Windows\system32\USP10.dll
0x000007fefbdb0000 - 0x000007fefbfa4000 	C:\Windows\WinSxS\amd64_microsoft.windows.common-controls_6595b64144ccf1df_6.0.7601.17514_none_fa396087175ac9ac\COMCTL32.dll
0x000007feff690000 - 0x000007feff701000 	C:\Windows\system32\SHLWAPI.dll
0x000007fefeea0000 - 0x000007fefeece000 	C:\Windows\system32\IMM32.DLL
0x000007fefd6a0000 - 0x000007fefd7a9000 	C:\Windows\system32\MSCTF.dll
0x0000000060ab0000 - 0x0000000060b82000 	C:\Program Files\Java\jdk1.8.0_101\jre\bin\msvcr100.dll
0x0000000052890000 - 0x000000005312a000 	C:\Program Files\Java\jdk1.8.0_101\jre\bin\server\jvm.dll
0x000007fef6dc0000 - 0x000007fef6dc9000 	C:\Windows\system32\WSOCK32.dll
0x000007fefd640000 - 0x000007fefd68d000 	C:\Windows\system32\WS2_32.dll
0x000007fefea70000 - 0x000007fefea78000 	C:\Windows\system32\NSI.dll
0x000007fef9f80000 - 0x000007fef9fbb000 	C:\Windows\system32\WINMM.dll
0x000007fefc310000 - 0x000007fefc31c000 	C:\Windows\system32\VERSION.dll
0x0000000077640000 - 0x0000000077647000 	C:\Windows\system32\PSAPI.DLL
0x0000000074180000 - 0x000000007418f000 	C:\Program Files\Java\jdk1.8.0_101\jre\bin\verify.dll
0x000000006bd30000 - 0x000000006bd59000 	C:\Program Files\Java\jdk1.8.0_101\jre\bin\java.dll
0x000000006dd10000 - 0x000000006dd26000 	C:\Program Files\Java\jdk1.8.0_101\jre\bin\zip.dll
0x000007fefdad0000 - 0x000007fefe858000 	C:\Windows\system32\SHELL32.dll
0x000007fefe860000 - 0x000007fefea63000 	C:\Windows\system32\ole32.dll
0x000007fefd220000 - 0x000007fefd22f000 	C:\Windows\system32\profapi.dll

VM Arguments:
jvm_args: -Djava.awt.headless=true -Xmx1024M -Dfile.encoding=windows-1251 -Duser.country=RU -Duser.language=ru -Duser.variant 
java_command: com.android.dx.command.Main --dex --force-jumbo --num-threads=4 --multi-dex --output D:\ORT\Android\SQLiteProvider\app\build\intermediates\transforms\dex\debug\folders\1000\10\com.android.support-recyclerview-v7-24.2.0_ac498ddb8d9fe1f2eb96968180b30e95b9ef49f5 D:\ORT\Android\SQLiteProvider\app\build\intermediates\exploded-aar\com.android.support\recyclerview-v7\24.2.0\jars\classes.jar
java_class_path (initial): D:\Programs\AndroidSDK\build-tools\24.0.2\lib\dx.jar
Launcher Type: SUN_STANDARD

Environment Variables:
JAVA_HOME=C:\Program Files\Java\jdk1.8.0_101
PATH=C:\ProgramData\Oracle\Java\javapath;C:\Program Files (x86)\NVIDIA Corporation\PhysX\Common;C:\Windows\system32;C:\Windows;C:\Windows\System32\Wbem;C:\Windows\System32\WindowsPowerShell\v1.0\;C:\Program Files (x86)\Skype\Phone\;C:\Program Files\Microsoft SQL Server\120\Tools\Binn\;C:\Program Files\Microsoft SQL Server\110\DTS\Binn\;C:\Program Files (x86)\Microsoft SQL Server\110\Tools\Binn\;C:\Program Files\Microsoft SQL Server\110\Tools\Binn\;C:\Program Files (x86)\Microsoft SQL Server\110\Tools\Binn\ManagementStudio\;C:\Program Files (x86)\Microsoft Visual Studio 10.0\Common7\IDE\PrivateAssemblies\;C:\Program Files (x86)\Microsoft SQL Server\110\DTS\Binn\;C:\Program Files (x86)\Windows Kits\8.1\Windows Performance Toolkit\;C:\Program Files\Microsoft SQL Server\130\Tools\Binn\;C:\Program Files\dotnet\;C:\Program Files (x86)\nodejs\;C:\Program Files\Git\cmd;C:\mongodb\bin;C:\Users\User\AppData\Roaming\npm
USERNAME=User
OS=Windows_NT
PROCESSOR_IDENTIFIER=Intel64 Family 6 Model 37 Stepping 2, GenuineIntel



---------------  S Y S T E M  ---------------

OS: Windows 7 , 64 bit Build 7601 (6.1.7601.18015)

CPU:total 2 (2 cores per cpu, 1 threads per core) family 6 model 37 stepping 2, cmov, cx8, fxsr, mmx, sse, sse2, sse3, ssse3, popcnt, tsc, tscinvbit

Memory: 4k page, physical 5692912k(569036k free), swap 7739048k(5172k free)

vm_info: Java HotSpot(TM) 64-Bit Server VM (25.101-b13) for windows-amd64 JRE (1.8.0_101-b13), built on Jun 22 2016 01:21:29 by "java_re" with MS VC++ 10.0 (VS2010)

time: Wed Oct 12 20:48:57 2016
elapsed time: 5 seconds (0d 0h 0m 5s)

